<?xml version="1.0" encoding="UTF-8"?>
<!-- Generated by org.testng.reporters.JUnitReportReporter -->
<testsuite hostname="DESKTOP-RVSSM80" failures="0" tests="5" name="tourismpoint.testCase.LogInPage_TestCase" time="44.016" errors="0" timestamp="2023-04-28T19:05:10 BDT" skipped="0">
  <testcase classname="tourismpoint.testCase.LogInPage_TestCase" name="AccessLoginPage" time="8.014"/>
  <system-out/>
  <testcase classname="tourismpoint.testCase.LogInPage_TestCase" name="Login_with_empty_Email" time="7.658"/>
  <system-out/>
  <testcase classname="tourismpoint.testCase.LogInPage_TestCase" name="Login_with_empty_password" time="8.491"/>
  <system-out/>
  <testcase classname="tourismpoint.testCase.LogInPage_TestCase" name="Login_With_incorrect_Email" time="10.666"/>
  <system-out/>
  <testcase classname="tourismpoint.testCase.LogInPage_TestCase" name="Login_With_incorrect_Password" time="9.187"/>
  <system-out/>
</testsuite> <!-- tourismpoint.testCase.LogInPage_TestCase -->
